<?xml version="1.0" encoding="UTF-8" ?>
<testsuite tests="12" failures="0" name="PlayerTest" time="0" errors="0" skipped="0">
  <properties>
[...]
</properties>
  <testcase classname="PlayerTest" name="testGridX" time="0"/>
  <testcase classname="PlayerTest" name="testGridY" time="0"/>
  <testcase classname="PlayerTest" name="testUpKey" time="0"/>
  <testcase classname="PlayerTest" name="moveUp" time="0"/>
  <testcase classname="PlayerTest" name="testRightKey" time="0"/>
  <testcase classname="PlayerTest" name="testLeftKey" time="0"/>
  <testcase classname="PlayerTest" name="moveDown" time="0"/>
  <testcase classname="PlayerTest" name="moveLeft" time="0"/>
  <testcase classname="PlayerTest" name="testX" time="0"/>
  <testcase classname="PlayerTest" name="testY" time="0"/>
  <testcase classname="PlayerTest" name="moveRight" time="0"/>
  <testcase classname="PlayerTest" name="testDownKey" time="0"/>
</testsuite>